Removed Pin From Net: NetName=CURRENT_SENSE Pin=C16-1
Removed Pin From Net: NetName=+3V3_OBC Pin=U3-3
Removed Pin From Net: NetName=+3V3_OBC Pin=U3-4
Removed Pin From Net: NetName=GND Pin=U3-5
Removed Pin From Net: NetName=GND Pin=U3-6
Removed Pin From Net: NetName=CURRENT_SENSE Pin=U3-7
Change Component Footprint: Designator=C16 Old Footprint=FP-CC0402-MFG New Footprint=FP-CL165-IPC_C
Change Component Footprint: Designator=U3 Old Footprint=FP-LC-8-MFG New Footprint=FP-LA-16-IPC_C
Change Component Comment : Designator=C16 Old Comment=1nF New Comment=10nF
Change Component Comment : Designator=U3 Old Comment=ACS723LLCTR-05AB-T New Comment=ACS710KLATR-25CB-T
Change Managed Component Library Link : Designator=C16 Old VaultGUID=B7D15EC3-160A-466F-A46C-7801FE6295A7 New VaultGUID=B7D15EC3-160A-466F-A46C-7801FE6295A7 Old ItemGUID=5167602C-3E34-43EF-AD59-5BEBE999AA5D New ItemGUID=313CAD15-BE0F-4406-AADF-C1D843B3BC96 Old RevisionGUID=817D1F05-F185-4757-B0AE-B9300056066C New RevisionGUID=75F3E34E-1AF9-46A5-8510-3CC41B958B8D
Change Managed Component Library Link : Designator=U3 Old VaultGUID=B7D15EC3-160A-466F-A46C-7801FE6295A7 New VaultGUID=B7D15EC3-160A-466F-A46C-7801FE6295A7 Old ItemGUID=BC7A2CF6-646A-4364-B8F7-CA29674203E5 New ItemGUID=9860680D-8EBB-4B36-B4A0-6C107A020957 Old RevisionGUID=DB050007-8933-4578-B064-37B7BABAD813 New RevisionGUID=5953A159-43DE-428C-9655-DD6F5DE00ECE
Change component parameters: Designator = "C16" ("C16"); Footprint = "FP-CC0402-MFG"; UniqueID = "\ETXXXIRE" ("\ETXXXIRE")
Change component parameters (AddParameter): Name = "Capacitance"; Value = "10nF"; VariantName = "[No Variations]"
Change component parameters (AddParameter): Name = "Case Code (Imperial)"; Value = "0402"; VariantName = "[No Variations]"
Change component parameters (AddParameter): Name = "Case Code (Metric)"; Value = "1005"; VariantName = "[No Variations]"
Change component parameters (AddParameter): Name = "Case/Package"; Value = "0402"; VariantName = "[No Variations]"
Change component parameters (AddParameter): Name = "Contact Plating"; Value = "Tin"; VariantName = "[No Variations]"
Change component parameters (AddParameter): Name = "Depth"; Value = "0.5mm"; VariantName = "[No Variations]"
Change component parameters (AddParameter): Name = "Dielectric"; Value = "X7R"; VariantName = "[No Variations]"
Change component parameters (AddParameter): Name = "Height"; Value = "0.5mm"; VariantName = "[No Variations]"
Change component parameters (AddParameter): Name = "Lead Free"; Value = "Lead Free"; VariantName = "[No Variations]"
Change component parameters (AddParameter): Name = "Length"; Value = "1mm"; VariantName = "[No Variations]"
Change component parameters (AddParameter): Name = "Material"; Value = "Ceramic"; VariantName = "[No Variations]"
Change component parameters (AddParameter): Name = "Max Operating Temperature"; Value = "125°C"; VariantName = "[No Variations]"
Change component parameters (AddParameter): Name = "Min Operating Temperature"; Value = "-55°C"; VariantName = "[No Variations]"
Change component parameters (AddParameter): Name = "Mount"; Value = "Surface Mount"; VariantName = "[No Variations]"
Change component parameters (AddParameter): Name = "Package Quantity"; Value = "1"; VariantName = "[No Variations]"
Change component parameters (AddParameter): Name = "Packaging"; Value = "Tape and Reel"; VariantName = "[No Variations]"
Change component parameters (AddParameter): Name = "Radiation Hardening"; Value = "No"; VariantName = "[No Variations]"
Change component parameters (AddParameter): Name = "Thickness"; Value = "0.022inch"; VariantName = "[No Variations]"
Change component parameters (AddParameter): Name = "Tolerance"; Value = "10%"; VariantName = "[No Variations]"
Change component parameters (AddParameter): Name = "Voltage"; Value = "50V"; VariantName = "[No Variations]"
Change component parameters (AddParameter): Name = "Voltage Rating"; Value = "50V"; VariantName = "[No Variations]"
Change component parameters (AddParameter): Name = "Voltage Rating (DC)"; Value = "50V"; VariantName = "[No Variations]"
Change component parameters (AddParameter): Name = "Width"; Value = "0.02inch"; VariantName = "[No Variations]"
Change component parameters: Designator = "U3" ("U3"); Footprint = "FP-LC-8-MFG"; UniqueID = "\FAJPRAGG" ("\FAJPRAGG")
Change component parameters (AddParameter): Name = "Accuracy"; Value = "2.9%"; VariantName = "[No Variations]"
Change component parameters (AddParameter): Name = "Bandwidth"; Value = "120kHz"; VariantName = "[No Variations]"
Change component parameters (AddParameter): Name = "Case/Package"; Value = "SOIC"; VariantName = "[No Variations]"
Change component parameters (AddParameter): Name = "Current Sensing"; Value = "25A"; VariantName = "[No Variations]"
Change component parameters (AddParameter): Name = "Frequency"; Value = "120kHz"; VariantName = "[No Variations]"
Change component parameters (AddParameter): Name = "Linearity"; Value = "0.75%"; VariantName = "[No Variations]"
Change component parameters (AddParameter): Name = "Max Operating Temperature"; Value = "125°C"; VariantName = "[No Variations]"
Change component parameters (AddParameter): Name = "Max Supply Current"; Value = "14.5mA"; VariantName = "[No Variations]"
Change component parameters (AddParameter): Name = "Max Supply Voltage"; Value = "5.5V"; VariantName = "[No Variations]"
Change component parameters (AddParameter): Name = "Min Operating Temperature"; Value = "-40°C"; VariantName = "[No Variations]"
Change component parameters (AddParameter): Name = "Min Supply Voltage"; Value = "3V"; VariantName = "[No Variations]"
Change component parameters (AddParameter): Name = "Mount"; Value = "Surface Mount"; VariantName = "[No Variations]"
Change component parameters (AddParameter): Name = "Number of Channels"; Value = "1"; VariantName = "[No Variations]"
Change component parameters (AddParameter): Name = "Number of Pins"; Value = "16"; VariantName = "[No Variations]"
Change component parameters (AddParameter): Name = "Output Type"; Value = "Analog"; VariantName = "[No Variations]"
Change component parameters (AddParameter): Name = "Package Quantity"; Value = "1"; VariantName = "[No Variations]"
Change component parameters (AddParameter): Name = "Packaging"; Value = "Cut Tape"; VariantName = "[No Variations]"
Change component parameters (AddParameter): Name = "Polarity"; Value = "Bidirectional"; VariantName = "[No Variations]"
Change component parameters (AddParameter): Name = "Quiescent Current"; Value = "11mA"; VariantName = "[No Variations]"
Change component parameters (AddParameter): Name = "REACH SVHC"; Value = "No SVHC"; VariantName = "[No Variations]"
Change component parameters (AddParameter): Name = "Response Time"; Value = "4us"; VariantName = "[No Variations]"
Change component parameters (AddParameter): Name = "RoHS Compliant"; Value = "Yes"; VariantName = "[No Variations]"
Change component parameters (AddParameter): Name = "Sensitivity"; Value = "28mV/A"; VariantName = "[No Variations]"
Change component parameters (AddParameter): Name = "Series"; Value = "-"; VariantName = "[No Variations]"
Added Component: Designator=C20(SAMS-C0603-2_M)
Add component (AddParameter): Name = "Capacitance"; Value = "0.1µF"; VariantName = "[No Variations]"
Add component (AddParameter): Name = "Case Size/Dimension"; Value = "0603"; VariantName = "[No Variations]"
Add component (AddParameter): Name = "Datasheet URL"; Value = "https://datasheet.ciiva.com/29198/456651-da-01-en-vs-kondensator-0605-29198839.pdf"; VariantName = "[No Variations]"
Add component (AddParameter): Name = "Datasheet Version"; Value = "Nov-10"; VariantName = "[No Variations]"
Add component (AddParameter): Name = "Dielectric"; Value = "X7R"; VariantName = "[No Variations]"
Add component (AddParameter): Name = "Manufacturer"; Value = "Samsung Electro-Mechanics"; VariantName = "[No Variations]"
Add component (AddParameter): Name = "Manufacturer URL"; Value = "http://www.samsungsem.com/global/index.jsp"; VariantName = "[No Variations]"
Add component (AddParameter): Name = "Rated Voltage"; Value = "50V"; VariantName = "[No Variations]"
Add component (AddParameter): Name = "Tolerance (%)"; Value = "±10%"; VariantName = "[No Variations]"
Added Component: Designator=C21(FP-CC0402-MFG)
Add component (AddParameter): Name = "Automotive"; Value = "No"; VariantName = "[No Variations]"
Add component (AddParameter): Name = "Automotive Grade"; Value = "NA"; VariantName = "[No Variations]"
Add component (AddParameter): Name = "Capacitance"; Value = "1.0 nF"; VariantName = "[No Variations]"
Add component (AddParameter): Name = "Category"; Value = "Cap"; VariantName = "[No Variations]"
Add component (AddParameter): Name = "ComponentLink2Description"; Value = "Datasheet"; VariantName = "[No Variations]"
Add component (AddParameter): Name = "ComponentLink2URL"; Value = "http://www.yageo.com/documents/recent/UPY-GP_NP0_16V-to-50V_16.pdf"; VariantName = "[No Variations]"
Add component (AddParameter): Name = "Device Class L1"; Value = "Passive Components"; VariantName = "[No Variations]"
Add component (AddParameter): Name = "Device Class L2"; Value = "Capacitors"; VariantName = "[No Variations]"
Add component (AddParameter): Name = "Device Class L3"; Value = "Ceramic Capacitors"; VariantName = "[No Variations]"
Add component (AddParameter): Name = "Digikey Description"; Value = "CAP CER 1000PF 50V X7R 0402"; VariantName = "[No Variations]"
Add component (AddParameter): Name = "Footprint Url"; Value = "http://www.yageo.com/exep/pages/download/literatures/UPY-C_GEN_24.pdf"; VariantName = "[No Variations]"
Add component (AddParameter): Name = "Height"; Value = "0.55mm"; VariantName = "[No Variations]"
Add component (AddParameter): Name = "Ipc Land Pattern Name"; Value = "CAPC10050X50"; VariantName = "[No Variations]"
Add component (AddParameter): Name = "Lead Free"; Value = "Yes"; VariantName = "[No Variations]"
Add component (AddParameter): Name = "Manufacturer"; Value = "YAGEO"; VariantName = "[No Variations]"
Add component (AddParameter): Name = "Manufacturer Part Number"; Value = "CC0402KRX7R9BB102"; VariantName = "[No Variations]"
Add component (AddParameter): Name = "Material"; Value = "Ceramic"; VariantName = "[No Variations]"
Add component (AddParameter): Name = "Mouser Description"; Value = "0402 1000 pF 50 V ±10 % Tolerance X7R SMT Multilayer Ceramic Capacitor"; VariantName = "[No Variations]"
Add component (AddParameter): Name = "Octopart"; Value = "https://octopart.com/cc0402krx7r9bb102-yageo-192889"; VariantName = "[No Variations]"
Add component (AddParameter): Name = "Package"; Value = "CC0402"; VariantName = "[No Variations]"
Add component (AddParameter): Name = "RoHS"; Value = "TRUE"; VariantName = "[No Variations]"
Add component (AddParameter): Name = "Temperature"; Value = "-55°C to +125°C"; VariantName = "[No Variations]"
Add component (AddParameter): Name = "Temperature Characteristic"; Value = "X7R"; VariantName = "[No Variations]"
Add component (AddParameter): Name = "Temperature Coefficient"; Value = "30ppm/°C"; VariantName = "[No Variations]"
Add component (AddParameter): Name = "Temperature Range High"; Value = "+125°C"; VariantName = "[No Variations]"
Add component (AddParameter): Name = "Temperature Range Low"; Value = "-55°C"; VariantName = "[No Variations]"
Add component (AddParameter): Name = "Tolerance"; Value = "0.1"; VariantName = "[No Variations]"
Add component (AddParameter): Name = "Value"; Value = "1.0 nF"; VariantName = "[No Variations]"
Add component (AddParameter): Name = "Voltage Rating"; Value = "50 V"; VariantName = "[No Variations]"
Added Component: Designator=C22(FP-CL165-IPC_C)
Add component (AddParameter): Name = "Capacitance"; Value = "10nF"; VariantName = "[No Variations]"
Add component (AddParameter): Name = "Case Code (Imperial)"; Value = "0402"; VariantName = "[No Variations]"
Add component (AddParameter): Name = "Case Code (Metric)"; Value = "1005"; VariantName = "[No Variations]"
Add component (AddParameter): Name = "Case/Package"; Value = "0402"; VariantName = "[No Variations]"
Add component (AddParameter): Name = "Contact Plating"; Value = "Tin"; VariantName = "[No Variations]"
Add component (AddParameter): Name = "Depth"; Value = "0.5mm"; VariantName = "[No Variations]"
Add component (AddParameter): Name = "Dielectric"; Value = "X7R"; VariantName = "[No Variations]"
Add component (AddParameter): Name = "Height"; Value = "0.5mm"; VariantName = "[No Variations]"
Add component (AddParameter): Name = "Lead Free"; Value = "Lead Free"; VariantName = "[No Variations]"
Add component (AddParameter): Name = "Length"; Value = "1mm"; VariantName = "[No Variations]"
Add component (AddParameter): Name = "Material"; Value = "Ceramic"; VariantName = "[No Variations]"
Add component (AddParameter): Name = "Max Operating Temperature"; Value = "125°C"; VariantName = "[No Variations]"
Add component (AddParameter): Name = "Min Operating Temperature"; Value = "-55°C"; VariantName = "[No Variations]"
Add component (AddParameter): Name = "Mount"; Value = "Surface Mount"; VariantName = "[No Variations]"
Add component (AddParameter): Name = "Package Quantity"; Value = "1"; VariantName = "[No Variations]"
Add component (AddParameter): Name = "Packaging"; Value = "Tape and Reel"; VariantName = "[No Variations]"
Add component (AddParameter): Name = "Radiation Hardening"; Value = "No"; VariantName = "[No Variations]"
Add component (AddParameter): Name = "Thickness"; Value = "0.022inch"; VariantName = "[No Variations]"
Add component (AddParameter): Name = "Tolerance"; Value = "10%"; VariantName = "[No Variations]"
Add component (AddParameter): Name = "Voltage"; Value = "50V"; VariantName = "[No Variations]"
Add component (AddParameter): Name = "Voltage Rating"; Value = "50V"; VariantName = "[No Variations]"
Add component (AddParameter): Name = "Voltage Rating (DC)"; Value = "50V"; VariantName = "[No Variations]"
Add component (AddParameter): Name = "Width"; Value = "0.02inch"; VariantName = "[No Variations]"
Added Component: Designator=H1(SMTC-SSQ-126-22-X-D)
Add component (AddParameter): Name = "ComponentLink1Description"; Value = "Manufacturer URL"; VariantName = "[No Variations]"
Add component (AddParameter): Name = "ComponentLink1URL"; Value = "http://www.samtec.com"; VariantName = "[No Variations]"
Add component (AddParameter): Name = "ComponentLink2Description"; Value = "Datasheet"; VariantName = "[No Variations]"
Add component (AddParameter): Name = "ComponentLink2URL"; Value = "http://www.samtec.com/documents/webfiles/pdf/SSQ_TH.PDF"; VariantName = "[No Variations]"
Add component (AddParameter): Name = "ComponentLink3Description"; Value = "Package Specification"; VariantName = "[No Variations]"
Add component (AddParameter): Name = "ComponentLink3URL"; Value = "http://www.samtec.com/documents/webfiles/cpdf/SSQ-1XX-XX-XXX-X-XX-XXX-XX-X-MKT.pdf"; VariantName = "[No Variations]"
Add component (AddParameter): Name = "DatasheetVersion"; Value = "F-214"; VariantName = "[No Variations]"
Add component (AddParameter): Name = "Manufacturer"; Value = "Samtec"; VariantName = "[No Variations]"
Add component (AddParameter): Name = "Mounting Technology"; Value = "Through-hole"; VariantName = "[No Variations]"
Add component (AddParameter): Name = "Orientation"; Value = "Vertical"; VariantName = "[No Variations]"
Add component (AddParameter): Name = "PackageDescription"; Value = "Assembly, Socket Strip .025[0.64] SQ Tail"; VariantName = "[No Variations]"
Add component (AddParameter): Name = "PackageReference"; Value = "SSQ-126-22-X-D"; VariantName = "[No Variations]"
Add component (AddParameter): Name = "PackageVersion"; Value = "BD, 6/1987"; VariantName = "[No Variations]"
Add component (AddParameter): Name = "PartNumber"; Value = "SSQ-126-22-G-D"; VariantName = "[No Variations]"
Add component (AddParameter): Name = "Pitch"; Value = "2.54 mm"; VariantName = "[No Variations]"
Add component (AddParameter): Name = "RoHS"; Value = "True"; VariantName = "[No Variations]"
Add component (AddParameter): Name = "Temperature Range"; Value = "-55 to 125 degC"; VariantName = "[No Variations]"
Added Component: Designator=J4(FP-M20-9990246-MFG)
Add component (AddParameter): Name = "Automotive"; Value = "No"; VariantName = "[No Variations]"
Add component (AddParameter): Name = "Category"; Value = "Conn"; VariantName = "[No Variations]"
Add component (AddParameter): Name = "ComponentLink2Description"; Value = "Datasheet"; VariantName = "[No Variations]"
Add component (AddParameter): Name = "ComponentLink2URL"; Value = "https://cdn.harwin.com/pdfs/M20-999.pdf"; VariantName = "[No Variations]"
Add component (AddParameter): Name = "Conn Gender"; Value = "Male"; VariantName = "[No Variations]"
Add component (AddParameter): Name = "Conn Orientation"; Value = "Vertical"; VariantName = "[No Variations]"
Add component (AddParameter): Name = "Contact Material"; Value = "Tin,Nickel"; VariantName = "[No Variations]"
Add component (AddParameter): Name = "Current Rating"; Value = "3A"; VariantName = "[No Variations]"
Add component (AddParameter): Name = "Device Class L1"; Value = "Connectors"; VariantName = "[No Variations]"
Add component (AddParameter): Name = "Device Class L2"; Value = "Headers and Wire Housings"; VariantName = "[No Variations]"
Add component (AddParameter): Name = "Device Class L3"; Value = "unset"; VariantName = "[No Variations]"
Add component (AddParameter): Name = "Digikey Description"; Value = "CONN HEADER VERT 2POS 2.54MM"; VariantName = "[No Variations]"
Add component (AddParameter): Name = "Height"; Value = "8.99mm"; VariantName = "[No Variations]"
Add component (AddParameter): Name = "Lead Free"; Value = "Yes"; VariantName = "[No Variations]"
Add component (AddParameter): Name = "Manufacturer"; Value = "Harwin"; VariantName = "[No Variations]"
Add component (AddParameter): Name = "Manufacturer Part Number"; Value = "M20-9990246"; VariantName = "[No Variations]"
Add component (AddParameter): Name = "Mouser Description"; Value = "2.54mm (0.1") Pitch SIL Vertical PC Tail Pin Header, 6.1mm mating pin height, tin, 2 contacts"; VariantName = "[No Variations]"
Add component (AddParameter): Name = "Number Of Contacts"; Value = "2"; VariantName = "[No Variations]"
Add component (AddParameter): Name = "Number Of Rows"; Value = "1"; VariantName = "[No Variations]"
Add component (AddParameter): Name = "Octopart"; Value = "https://octopart.com/m20-9990246-harwin-2590635"; VariantName = "[No Variations]"
Add component (AddParameter): Name = "Package"; Value = "M20-9990246"; VariantName = "[No Variations]"
Add component (AddParameter): Name = "Pitch"; Value = "2.54mm"; VariantName = "[No Variations]"
Add component (AddParameter): Name = "RoHS"; Value = "TRUE"; VariantName = "[No Variations]"
Add component (AddParameter): Name = "Temperature"; Value = "-40°C to +105°C"; VariantName = "[No Variations]"
Add component (AddParameter): Name = "Temperature Range High"; Value = "+105°C"; VariantName = "[No Variations]"
Add component (AddParameter): Name = "Temperature Range Low"; Value = "-40°C"; VariantName = "[No Variations]"
Added Component: Designator=R16(RESC1005X40X25ML05T10)
Add component (AddParameter): Name = "Manufacturer"; Value = "Yageo / Phycomp"; VariantName = "[No Variations]"
Add component (AddParameter): Name = "Part Number"; Value = "RC0402FR-07330KL"; VariantName = "[No Variations]"
Added Component: Designator=R17(RESC1608X55X25ML10T15)
Add component (AddParameter): Name = "Case Code - in"; Value = "0603"; VariantName = "[No Variations]"
Add component (AddParameter): Name = "Case Code - mm"; Value = "1608"; VariantName = "[No Variations]"
Add component (AddParameter): Name = "Datasheet URL"; Value = "http://www.farnell.com/datasheets/443971.pdf"; VariantName = "[No Variations]"
Add component (AddParameter): Name = "Datasheet Version"; Value = "Rev. 4, 04/2009"; VariantName = "[No Variations]"
Add component (AddParameter): Name = "Manufacturer"; Value = "Yageo"; VariantName = "[No Variations]"
Add component (AddParameter): Name = "Manufacturer URL"; Value = "http://www.yageo.com/"; VariantName = "[No Variations]"
Add component (AddParameter): Name = "Operating Temperature Range"; Value = "-55Cto+155C"; VariantName = "[No Variations]"
Add component (AddParameter): Name = "Package Description"; Value = "2-Pin Surface Mount Device, Body 1.6 x 0.8 mm"; VariantName = "[No Variations]"
Add component (AddParameter): Name = "Package Reference"; Value = "603"; VariantName = "[No Variations]"
Add component (AddParameter): Name = "Packaging"; Value = "Reel"; VariantName = "[No Variations]"
Add component (AddParameter): Name = "Power Rating"; Value = "100mW"; VariantName = "[No Variations]"
Add component (AddParameter): Name = "Product"; Value = "ThickFilmResistorsGeneralPurpose"; VariantName = "[No Variations]"
Add component (AddParameter): Name = "Resistance"; Value = "10kOhms"; VariantName = "[No Variations]"
Add component (AddParameter): Name = "Series"; Value = "RC"; VariantName = "[No Variations]"
Add component (AddParameter): Name = "Temperature Coefficient"; Value = "100PPM/C"; VariantName = "[No Variations]"
Add component (AddParameter): Name = "Termination Style"; Value = "SMD/SMT"; VariantName = "[No Variations]"
Add component (AddParameter): Name = "Tolerance"; Value = "5%"; VariantName = "[No Variations]"
Add component (AddParameter): Name = "Voltage Rating"; Value = "50V"; VariantName = "[No Variations]"
Added Component: Designator=R18(FP-MCR01-MFG)
Add component (AddParameter): Name = "Case Code (Imperial)"; Value = "0402"; VariantName = "[No Variations]"
Add component (AddParameter): Name = "Case Code (Metric)"; Value = "1005"; VariantName = "[No Variations]"
Add component (AddParameter): Name = "Case/Package"; Value = "0402"; VariantName = "[No Variations]"
Add component (AddParameter): Name = "Construction"; Value = "Rectangular"; VariantName = "[No Variations]"
Add component (AddParameter): Name = "Depth"; Value = "0.5mm"; VariantName = "[No Variations]"
Add component (AddParameter): Name = "Features"; Value = "Automotive AEC-Q200"; VariantName = "[No Variations]"
Add component (AddParameter): Name = "Height"; Value = "0.016inch"; VariantName = "[No Variations]"
Add component (AddParameter): Name = "Lead Free"; Value = "Lead Free"; VariantName = "[No Variations]"
Add component (AddParameter): Name = "Length"; Value = "0.039inch"; VariantName = "[No Variations]"
Add component (AddParameter): Name = "Max Operating Temperature"; Value = "155°C"; VariantName = "[No Variations]"
Add component (AddParameter): Name = "Max Power Dissipation"; Value = "63mW"; VariantName = "[No Variations]"
Add component (AddParameter): Name = "Military Standard"; Value = "Not"; VariantName = "[No Variations]"
Add component (AddParameter): Name = "Min Operating Temperature"; Value = "-55°C"; VariantName = "[No Variations]"
Add component (AddParameter): Name = "Number of Terminations"; Value = "2"; VariantName = "[No Variations]"
Add component (AddParameter): Name = "Package Quantity"; Value = "10000"; VariantName = "[No Variations]"
Add component (AddParameter): Name = "Packaging"; Value = "Tape and Reel"; VariantName = "[No Variations]"
Add component (AddParameter): Name = "Resistance"; Value = "5.1kR"; VariantName = "[No Variations]"
Add component (AddParameter): Name = "Resistor Type"; Value = "Thick Film"; VariantName = "[No Variations]"
Add component (AddParameter): Name = "RoHS Compliant"; Value = "Yes"; VariantName = "[No Variations]"
Add component (AddParameter): Name = "Series"; Value = "MCR01"; VariantName = "[No Variations]"
Add component (AddParameter): Name = "Temperature Coefficient"; Value = "400ppm/°C"; VariantName = "[No Variations]"
Add component (AddParameter): Name = "Tolerance"; Value = "1%"; VariantName = "[No Variations]"
Add component (AddParameter): Name = "Voltage Rating (DC)"; Value = "50V"; VariantName = "[No Variations]"
Add component (AddParameter): Name = "Width"; Value = "0.02inch"; VariantName = "[No Variations]"
Added Pin To Net: NetName=GND Pin=C20-1
Added Pin To Net: NetName=+3V3_EPS Pin=C20-2
Added Pin To Net: NetName=GND Pin=C21-2
Added Pin To Net: NetName=GND Pin=C22-2
Added Pin To Net: NetName=+3V3_EPS Pin=J4-1
Added Pin To Net: NetName=+3V3_OBC Pin=J4-2
Added Pin To Net: NetName=+3V3_EPS Pin=R16-2
Added Pin To Net: NetName=+3V3_EPS Pin=R17-2
Added Pin To Net: NetName=GND Pin=R18-1
Added Pin To Net: NetName=FRAM_NOT_CS Pin=U1-18
Added Pin To Net: NetName=FRAM_NOT_HOLD Pin=U1-32
Added Pin To Net: NetName=FRAM_NOT_WP Pin=U1-33
Added Pin To Net: NetName=TEMP_ALERT Pin=U1-95
Added Pin To Net: NetName=+3V3_EPS Pin=U3-3
Added Pin To Net: NetName=+3V3_EPS Pin=U3-4
Added Pin To Net: NetName=+3V3_OBC Pin=U3-5
Added Pin To Net: NetName=+3V3_OBC Pin=U3-6
Added Pin To Net: NetName=+3V3_OBC Pin=U3-7
Added Pin To Net: NetName=+3V3_OBC Pin=U3-8
Added Pin To Net: NetName=GND Pin=U3-9
Added Pin To Net: NetName=+3V3_EPS Pin=U3-14
Added Pin To Net: NetName=CURENT_VAL Pin=U1-31
Added Net: Name=CURENT_VAL
Added Pin To Net: NetName=CURRENT_VAL Pin=U3-12
Added Net: Name=CURRENT_VAL
Added Pin To Net: NetName=FAULT_EN Pin=U1-67
Added Pin To Net: NetName=FAULT_EN Pin=U3-16
Added Net: Name=FAULT_EN
Added Pin To Net: NetName=FLTR Pin=C22-1
Added Pin To Net: NetName=FLTR Pin=U3-11
Added Net: Name=FLTR
Added Pin To Net: NetName=NFAULT Pin=C16-1
Added Pin To Net: NetName=NFAULT Pin=R16-1
Added Pin To Net: NetName=NFAULT Pin=U3-13
Added Net: Name=NFAULT
Added Pin To Net: NetName=VOC Pin=R17-1
Added Pin To Net: NetName=VOC Pin=R18-2
Added Pin To Net: NetName=VOC Pin=U3-15
Added Net: Name=VOC
Added Pin To Net: NetName=VZCR Pin=C21-1
Added Pin To Net: NetName=VZCR Pin=U3-10
Added Net: Name=VZCR
Added Class: Name=CONNECTOR
Added Member To Class: ClassName=OTHER_PARTS Member=Component C20 100nF
Added Member To Class: ClassName=OTHER_PARTS Member=Component C21 1nF
Added Member To Class: ClassName=OTHER_PARTS Member=Component C22 10nF
Added Member To Class: ClassName=OTHER_PARTS Member=Component J4 M20-9990246
Added Member To Class: ClassName=OTHER_PARTS Member=Component R16 330k
Added Member To Class: ClassName=OTHER_PARTS Member=Component R17 10k
Added Member To Class: ClassName=OTHER_PARTS Member=Component R18 5k
Added Room: Name=CONNECTOR
Added Room: Name=MCU
Added Room: Name=OTHER_PARTS
